c:\users\hjalm\documents\embedded\touchgfx_projects\growhousecontroller\build\debug\obj\daynightsettingsscreenviewbase.obj
c:\users\hjalm\documents\embedded\touchgfx_projects\growhousecontroller\build\debug\obj\datetimesettingsscreenview.obj
c:\users\hjalm\documents\embedded\touchgfx_projects\growhousecontroller\build\debug\obj\settingsscreenview.obj
c:\users\hjalm\documents\embedded\touchgfx_projects\growhousecontroller\build\debug\obj\sdl2touchcontroller.obj
c:\users\hjalm\documents\embedded\touchgfx_projects\growhousecontroller\build\debug\obj\settingsscreenviewbase.obj
c:\users\hjalm\documents\embedded\touchgfx_projects\growhousecontroller\build\debug\obj\mainscreenpresenter.obj
c:\users\hjalm\documents\embedded\touchgfx_projects\growhousecontroller\build\debug\obj\actuator.obj
c:\users\hjalm\documents\embedded\touchgfx_projects\growhousecontroller\build\debug\obj\main.obj
c:\users\hjalm\documents\embedded\touchgfx_projects\growhousecontroller\build\debug\obj\oswrappers.obj
c:\users\hjalm\documents\embedded\touchgfx_projects\growhousecontroller\build\debug\obj\opconfigsettingsscreenviewbase.obj
c:\users\hjalm\documents\embedded\touchgfx_projects\growhousecontroller\build\debug\obj\daynightsettingsscreenview.obj
c:\users\hjalm\documents\embedded\touchgfx_projects\growhousecontroller\build\debug\obj\temphumisettingsscreenview.obj
c:\users\hjalm\documents\embedded\touchgfx_projects\growhousecontroller\build\debug\obj\halsdl2_icon.obj
c:\users\hjalm\documents\embedded\touchgfx_projects\growhousecontroller\build\debug\obj\temphumisettingsscreenviewbase.obj
c:\users\hjalm\documents\embedded\touchgfx_projects\growhousecontroller\build\debug\obj\model.obj
c:\users\hjalm\documents\embedded\touchgfx_projects\growhousecontroller\build\debug\obj\opconfigsettingsscreenpresenter.obj
c:\users\hjalm\documents\embedded\touchgfx_projects\growhousecontroller\build\debug\obj\frontendapplicationbase.obj
c:\users\hjalm\documents\embedded\touchgfx_projects\growhousecontroller\build\debug\obj\daynightsettingsscreenpresenter.obj
c:\users\hjalm\documents\embedded\touchgfx_projects\growhousecontroller\build\debug\obj\temphumisettingsscreenpresenter.obj
c:\users\hjalm\documents\embedded\touchgfx_projects\growhousecontroller\build\debug\obj\datetimesettingsscreenviewbase.obj
c:\users\hjalm\documents\embedded\touchgfx_projects\growhousecontroller\build\debug\obj\frontendapplication.obj
c:\users\hjalm\documents\embedded\touchgfx_projects\growhousecontroller\build\debug\obj\opconfigsettingsscreenview.obj
c:\users\hjalm\documents\embedded\touchgfx_projects\growhousecontroller\build\debug\obj\mainscreenviewbase.obj
c:\users\hjalm\documents\embedded\touchgfx_projects\growhousecontroller\build\debug\obj\datetimesettingsscreenpresenter.obj
c:\users\hjalm\documents\embedded\touchgfx_projects\growhousecontroller\build\debug\obj\settingsscreenpresenter.obj
c:\users\hjalm\documents\embedded\touchgfx_projects\growhousecontroller\build\debug\obj\halsdl2.obj
c:\users\hjalm\documents\embedded\touchgfx_projects\growhousecontroller\build\debug\obj\mainscreenview.obj
c:\users\hjalm\documents\embedded\touchgfx_projects\growhousecontroller\build\debug\obj\opsocket.obj
c:\users\hjalm\documents\embedded\touchgfx_projects\growhousecontroller\build\debug\obj\sensor.obj
c:\users\hjalm\documents\embedded\touchgfx_projects\growhousecontroller\build\debug\obj\vc141.pdb
c:\users\hjalm\documents\embedded\touchgfx_projects\growhousecontroller\build\debug\obj\font_verdana_17_8bpp.obj
c:\users\hjalm\documents\embedded\touchgfx_projects\growhousecontroller\build\debug\obj\font_verdana_17_8bpp.asm
c:\users\hjalm\documents\embedded\touchgfx_projects\growhousecontroller\build\debug\obj\kerning_verdana_17_8bpp.obj
c:\users\hjalm\documents\embedded\touchgfx_projects\growhousecontroller\build\debug\obj\kerning_verdana_17_8bpp.asm
c:\users\hjalm\documents\embedded\touchgfx_projects\growhousecontroller\build\debug\obj\table_verdana_46_4bpp.obj
c:\users\hjalm\documents\embedded\touchgfx_projects\growhousecontroller\build\debug\obj\table_verdana_46_4bpp.asm
c:\users\hjalm\documents\embedded\touchgfx_projects\growhousecontroller\build\debug\obj\dark_icons_down_arrow_32.obj
c:\users\hjalm\documents\embedded\touchgfx_projects\growhousecontroller\build\debug\obj\dark_icons_down_arrow_32.asm
c:\users\hjalm\documents\embedded\touchgfx_projects\growhousecontroller\build\debug\obj\dark_icons_info_32.obj
c:\users\hjalm\documents\embedded\touchgfx_projects\growhousecontroller\build\debug\obj\dark_icons_info_32.asm
c:\users\hjalm\documents\embedded\touchgfx_projects\growhousecontroller\build\debug\obj\dark_icons_up_arrow_32.obj
c:\users\hjalm\documents\embedded\touchgfx_projects\growhousecontroller\build\debug\obj\dark_icons_up_arrow_32.asm
c:\users\hjalm\documents\embedded\touchgfx_projects\growhousecontroller\build\debug\obj\dark_togglebars_toggle_round_small_button_on.obj
c:\users\hjalm\documents\embedded\touchgfx_projects\growhousecontroller\build\debug\obj\dark_togglebars_toggle_round_small_button_on.asm
c:\users\hjalm\documents\embedded\touchgfx_projects\growhousecontroller\build\debug\obj\fontgetters.obj
c:\users\hjalm\documents\embedded\touchgfx_projects\growhousecontroller\build\debug\obj\fontgetters.asm
c:\users\hjalm\documents\embedded\touchgfx_projects\growhousecontroller\build\debug\obj\kerning_verdana_46_4bpp.obj
c:\users\hjalm\documents\embedded\touchgfx_projects\growhousecontroller\build\debug\obj\kerning_verdana_46_4bpp.asm
c:\users\hjalm\documents\embedded\touchgfx_projects\growhousecontroller\build\debug\obj\background.obj
c:\users\hjalm\documents\embedded\touchgfx_projects\growhousecontroller\build\debug\obj\background.asm
c:\users\hjalm\documents\embedded\touchgfx_projects\growhousecontroller\build\debug\obj\font_segoeui_67_4bpp.obj
c:\users\hjalm\documents\embedded\touchgfx_projects\growhousecontroller\build\debug\obj\font_segoeui_67_4bpp.asm
c:\users\hjalm\documents\embedded\touchgfx_projects\growhousecontroller\build\debug\obj\kerning_segoeui_67_4bpp.obj
c:\users\hjalm\documents\embedded\touchgfx_projects\growhousecontroller\build\debug\obj\kerning_segoeui_67_4bpp.asm
c:\users\hjalm\documents\embedded\touchgfx_projects\growhousecontroller\build\debug\obj\table_verdana_12_4bpp.obj
c:\users\hjalm\documents\embedded\touchgfx_projects\growhousecontroller\build\debug\obj\table_verdana_12_4bpp.asm
c:\users\hjalm\documents\embedded\touchgfx_projects\growhousecontroller\build\debug\obj\dark_buttons_round_edge_large_pressed.obj
c:\users\hjalm\documents\embedded\touchgfx_projects\growhousecontroller\build\debug\obj\dark_buttons_round_edge_large_pressed.asm
c:\users\hjalm\documents\embedded\touchgfx_projects\growhousecontroller\build\debug\obj\languagegb.obj
c:\users\hjalm\documents\embedded\touchgfx_projects\growhousecontroller\build\debug\obj\languagegb.asm
c:\users\hjalm\documents\embedded\touchgfx_projects\growhousecontroller\build\debug\obj\font_verdana_34_4bpp.obj
c:\users\hjalm\documents\embedded\touchgfx_projects\growhousecontroller\build\debug\obj\font_verdana_34_4bpp.asm
c:\users\hjalm\documents\embedded\touchgfx_projects\growhousecontroller\build\debug\obj\font_verdana_46_4bpp.obj
c:\users\hjalm\documents\embedded\touchgfx_projects\growhousecontroller\build\debug\obj\font_verdana_46_4bpp.asm
c:\users\hjalm\documents\embedded\touchgfx_projects\growhousecontroller\build\debug\obj\table_segoeui_18_8bpp.obj
c:\users\hjalm\documents\embedded\touchgfx_projects\growhousecontroller\build\debug\obj\table_segoeui_18_8bpp.asm
c:\users\hjalm\documents\embedded\touchgfx_projects\growhousecontroller\build\debug\obj\bitmapdatabase.obj
c:\users\hjalm\documents\embedded\touchgfx_projects\growhousecontroller\build\debug\obj\bitmapdatabase.asm
c:\users\hjalm\documents\embedded\touchgfx_projects\growhousecontroller\build\debug\obj\dark_icons_power_32.obj
c:\users\hjalm\documents\embedded\touchgfx_projects\growhousecontroller\build\debug\obj\dark_icons_power_32.asm
c:\users\hjalm\documents\embedded\touchgfx_projects\growhousecontroller\build\debug\obj\dark_slider_vertical_small_slider3_vertical_round_fill.obj
c:\users\hjalm\documents\embedded\touchgfx_projects\growhousecontroller\build\debug\obj\dark_slider_vertical_small_slider3_vertical_round_fill.asm
c:\users\hjalm\documents\embedded\touchgfx_projects\growhousecontroller\build\debug\obj\typedtextdatabase.obj
c:\users\hjalm\documents\embedded\touchgfx_projects\growhousecontroller\build\debug\obj\typedtextdatabase.asm
c:\users\hjalm\documents\embedded\touchgfx_projects\growhousecontroller\build\debug\obj\applicationfontprovider.obj
c:\users\hjalm\documents\embedded\touchgfx_projects\growhousecontroller\build\debug\obj\applicationfontprovider.asm
c:\users\hjalm\documents\embedded\touchgfx_projects\growhousecontroller\build\debug\obj\kerning_verdana_34_4bpp.obj
c:\users\hjalm\documents\embedded\touchgfx_projects\growhousecontroller\build\debug\obj\kerning_verdana_34_4bpp.asm
c:\users\hjalm\documents\embedded\touchgfx_projects\growhousecontroller\build\debug\obj\table_segoeui_67_4bpp.obj
c:\users\hjalm\documents\embedded\touchgfx_projects\growhousecontroller\build\debug\obj\table_segoeui_67_4bpp.asm
c:\users\hjalm\documents\embedded\touchgfx_projects\growhousecontroller\build\debug\obj\dark_buttons_round_edge_icon_button.obj
c:\users\hjalm\documents\embedded\touchgfx_projects\growhousecontroller\build\debug\obj\dark_buttons_round_edge_icon_button.asm
c:\users\hjalm\documents\embedded\touchgfx_projects\growhousecontroller\build\debug\obj\dark_slider_vertical_small_slider3_vertical_round_back.obj
c:\users\hjalm\documents\embedded\touchgfx_projects\growhousecontroller\build\debug\obj\dark_slider_vertical_small_slider3_vertical_round_back.asm
c:\users\hjalm\documents\embedded\touchgfx_projects\growhousecontroller\build\debug\obj\texts.obj
c:\users\hjalm\documents\embedded\touchgfx_projects\growhousecontroller\build\debug\obj\texts.asm
c:\users\hjalm\documents\embedded\touchgfx_projects\growhousecontroller\build\debug\obj\font_segoeui_18_8bpp.obj
c:\users\hjalm\documents\embedded\touchgfx_projects\growhousecontroller\build\debug\obj\font_segoeui_18_8bpp.asm
c:\users\hjalm\documents\embedded\touchgfx_projects\growhousecontroller\build\debug\obj\kerning_segoeui_40_8bpp.obj
c:\users\hjalm\documents\embedded\touchgfx_projects\growhousecontroller\build\debug\obj\kerning_segoeui_40_8bpp.asm
c:\users\hjalm\documents\embedded\touchgfx_projects\growhousecontroller\build\debug\obj\table_segoeui_40_8bpp.obj
c:\users\hjalm\documents\embedded\touchgfx_projects\growhousecontroller\build\debug\obj\table_segoeui_40_8bpp.asm
c:\users\hjalm\documents\embedded\touchgfx_projects\growhousecontroller\build\debug\obj\dark_buttons_round_edge_icon_button_pressed.obj
c:\users\hjalm\documents\embedded\touchgfx_projects\growhousecontroller\build\debug\obj\dark_buttons_round_edge_icon_button_pressed.asm
c:\users\hjalm\documents\embedded\touchgfx_projects\growhousecontroller\build\debug\obj\dark_icons_settings_32.obj
c:\users\hjalm\documents\embedded\touchgfx_projects\growhousecontroller\build\debug\obj\dark_icons_settings_32.asm
c:\users\hjalm\documents\embedded\touchgfx_projects\growhousecontroller\build\debug\obj\dark_togglebars_toggle_round_small_button_off.obj
c:\users\hjalm\documents\embedded\touchgfx_projects\growhousecontroller\build\debug\obj\dark_togglebars_toggle_round_small_button_off.asm
c:\users\hjalm\documents\embedded\touchgfx_projects\growhousecontroller\build\debug\obj\dark_togglebars_toggle_small_button_on.obj
c:\users\hjalm\documents\embedded\touchgfx_projects\growhousecontroller\build\debug\obj\dark_togglebars_toggle_small_button_on.asm
c:\users\hjalm\documents\embedded\touchgfx_projects\growhousecontroller\build\debug\obj\font_segoeui_40_8bpp.obj
c:\users\hjalm\documents\embedded\touchgfx_projects\growhousecontroller\build\debug\obj\font_segoeui_40_8bpp.asm
c:\users\hjalm\documents\embedded\touchgfx_projects\growhousecontroller\build\debug\obj\kerning_verdana_12_4bpp.obj
c:\users\hjalm\documents\embedded\touchgfx_projects\growhousecontroller\build\debug\obj\kerning_verdana_12_4bpp.asm
c:\users\hjalm\documents\embedded\touchgfx_projects\growhousecontroller\build\debug\obj\table_verdana_34_4bpp.obj
c:\users\hjalm\documents\embedded\touchgfx_projects\growhousecontroller\build\debug\obj\table_verdana_34_4bpp.asm
c:\users\hjalm\documents\embedded\touchgfx_projects\growhousecontroller\build\debug\obj\dark_icons_back_arrow_32.obj
c:\users\hjalm\documents\embedded\touchgfx_projects\growhousecontroller\build\debug\obj\dark_icons_back_arrow_32.asm
c:\users\hjalm\documents\embedded\touchgfx_projects\growhousecontroller\build\debug\obj\dark_icons_home_32.obj
c:\users\hjalm\documents\embedded\touchgfx_projects\growhousecontroller\build\debug\obj\dark_icons_home_32.asm
c:\users\hjalm\documents\embedded\touchgfx_projects\growhousecontroller\build\debug\obj\dark_slider_vertical_small_indicators_slider3_vertical_round_nob.obj
c:\users\hjalm\documents\embedded\touchgfx_projects\growhousecontroller\build\debug\obj\dark_slider_vertical_small_indicators_slider3_vertical_round_nob.asm
c:\users\hjalm\documents\embedded\touchgfx_projects\growhousecontroller\build\debug\obj\dark_togglebars_toggle_small_button_off.obj
c:\users\hjalm\documents\embedded\touchgfx_projects\growhousecontroller\build\debug\obj\dark_togglebars_toggle_small_button_off.asm
c:\users\hjalm\documents\embedded\touchgfx_projects\growhousecontroller\build\debug\obj\font_verdana_12_4bpp.obj
c:\users\hjalm\documents\embedded\touchgfx_projects\growhousecontroller\build\debug\obj\font_verdana_12_4bpp.asm
c:\users\hjalm\documents\embedded\touchgfx_projects\growhousecontroller\build\debug\obj\kerning_segoeui_18_8bpp.obj
c:\users\hjalm\documents\embedded\touchgfx_projects\growhousecontroller\build\debug\obj\kerning_segoeui_18_8bpp.asm
c:\users\hjalm\documents\embedded\touchgfx_projects\growhousecontroller\build\debug\obj\table_verdana_17_8bpp.obj
c:\users\hjalm\documents\embedded\touchgfx_projects\growhousecontroller\build\debug\obj\table_verdana_17_8bpp.asm
c:\users\hjalm\documents\embedded\touchgfx_projects\growhousecontroller\build\debug\obj\dark_buttons_round_edge_large.obj
c:\users\hjalm\documents\embedded\touchgfx_projects\growhousecontroller\build\debug\obj\dark_buttons_round_edge_large.asm
c:\users\hjalm\documents\embedded\touchgfx_projects\growhousecontroller\build\debug\obj\font_segoeui_28_8bpp.obj
c:\users\hjalm\documents\embedded\touchgfx_projects\growhousecontroller\build\debug\obj\font_segoeui_28_8bpp.asm
c:\users\hjalm\documents\embedded\touchgfx_projects\growhousecontroller\build\debug\obj\kerning_segoeui_28_8bpp.obj
c:\users\hjalm\documents\embedded\touchgfx_projects\growhousecontroller\build\debug\obj\kerning_segoeui_28_8bpp.asm
c:\users\hjalm\documents\embedded\touchgfx_projects\growhousecontroller\build\debug\obj\table_segoeui_28_8bpp.obj
c:\users\hjalm\documents\embedded\touchgfx_projects\growhousecontroller\build\debug\obj\table_segoeui_28_8bpp.asm
c:\users\hjalm\documents\embedded\touchgfx_projects\growhousecontroller\build\debug\bin\application.exe
c:\users\hjalm\documents\embedded\touchgfx_projects\growhousecontroller\build\debug\bin\application.ilk
c:\users\hjalm\documents\embedded\touchgfx_projects\growhousecontroller\build\debug\bin\application.pdb
c:\users\hjalm\documents\embedded\touchgfx_projects\growhousecontroller\build\debug\obj\touchgfx.res
c:\users\hjalm\documents\embedded\touchgfx_projects\growhousecontroller\build\debug\obj\vc141.idb
c:\users\hjalm\documents\embedded\touchgfx_projects\growhousecontroller\simulator\msvs\..\..\build\debug\bin\application.exe
c:\users\hjalm\documents\embedded\touchgfx_projects\growhousecontroller\build\debug\obj\application.tlog\cl.command.1.tlog
c:\users\hjalm\documents\embedded\touchgfx_projects\growhousecontroller\build\debug\obj\application.tlog\cl.read.1.tlog
c:\users\hjalm\documents\embedded\touchgfx_projects\growhousecontroller\build\debug\obj\application.tlog\cl.write.1.tlog
c:\users\hjalm\documents\embedded\touchgfx_projects\growhousecontroller\build\debug\obj\application.tlog\link.command.1.tlog
c:\users\hjalm\documents\embedded\touchgfx_projects\growhousecontroller\build\debug\obj\application.tlog\link.read.1.tlog
c:\users\hjalm\documents\embedded\touchgfx_projects\growhousecontroller\build\debug\obj\application.tlog\link.write.1.tlog
c:\users\hjalm\documents\embedded\touchgfx_projects\growhousecontroller\build\debug\obj\application.tlog\rc.command.1.tlog
c:\users\hjalm\documents\embedded\touchgfx_projects\growhousecontroller\build\debug\obj\application.tlog\rc.read.1.tlog
c:\users\hjalm\documents\embedded\touchgfx_projects\growhousecontroller\build\debug\obj\application.tlog\rc.write.1.tlog
